2023-07-10 16:23:06,817 - DEBUG - /home/coolshan/Project/Tracker/tracker/basic_tracker.py -> init_tracker, line 57 - ============== Initialize Config ===============
2023-07-10 16:23:06,817 - DEBUG - /home/coolshan/Project/Tracker/tracker/basic_tracker.py -> log_config, line 54 - target_URL: https://www.agoda.com/zh-tw/the-lin-hotel/hotel/taichung-tw.html?finalPriceView=1&isShowMobileAppPrice=false&cid=1844104&numberOfBedrooms=&familyMode=false&adults=2&children=0&rooms=1&maxRooms=0&checkIn=2023-09-4&isCalendarCallout=false&childAges=&numberOfGuest=0&missingChildAges=false&travellerType=1&showReviewSubmissionEntry=false&currencyCode=TWD&isFreeOccSearch=false&isCityHaveAsq=false&los=1&searchrequestid=6971bf86-71d4-471e-bb9e-ec9573c178ca
2023-07-10 16:23:06,818 - DEBUG - /home/coolshan/Project/Tracker/tracker/basic_tracker.py -> log_config, line 54 - tag: span
2023-07-10 16:23:06,818 - DEBUG - /home/coolshan/Project/Tracker/tracker/basic_tracker.py -> log_config, line 54 - class_name: StickyNavPrice__priceDetail
2023-07-10 16:23:06,818 - DEBUG - /home/coolshan/Project/Tracker/tracker/basic_tracker.py -> log_config, line 54 - extract_all: False
2023-07-10 16:23:06,818 - DEBUG - /home/coolshan/Project/Tracker/tracker/basic_tracker.py -> log_config, line 54 - website_name: Agoda 林酒店 9_4-5 兩人
2023-07-10 16:23:06,818 - DEBUG - /home/coolshan/Project/Tracker/tracker/basic_tracker.py -> log_config, line 54 - email_messages: 價格已降低！
2023-07-10 16:23:06,818 - DEBUG - /home/coolshan/Project/Tracker/tracker/basic_tracker.py -> log_config, line 54 - to_emails: ['joey0201020123@gmail.com']
2023-07-10 16:23:06,818 - DEBUG - /home/coolshan/Project/Tracker/tracker/basic_tracker.py -> log_config, line 54 - encoding: False
2023-07-10 16:23:06,818 - DEBUG - /home/coolshan/Project/Tracker/tracker/basic_tracker.py -> log_config, line 54 - update_second: 10
2023-07-10 16:23:06,818 - DEBUG - /home/coolshan/Project/Tracker/tracker/basic_tracker.py -> log_config, line 54 - mode: Dynamic
2023-07-10 16:23:06,818 - DEBUG - /home/coolshan/Project/Tracker/tracker/basic_tracker.py -> log_config, line 54 - tracker: NumberTracker
2023-07-10 16:23:06,818 - DEBUG - /home/coolshan/Project/Tracker/tracker/basic_tracker.py -> log_config, line 54 - remove_word: [',', '自 NT$ ']
2023-07-10 16:23:06,818 - DEBUG - /home/coolshan/Project/Tracker/tracker/basic_tracker.py -> log_config, line 54 - remind_diff: -100
2023-07-10 16:23:18,669 - DEBUG - /home/coolshan/Project/Tracker/tracker/basic_tracker.py -> init_tracker, line 61 - Init annotations: 4710.0
2023-07-10 16:23:18,669 - INFO - /home/coolshan/Project/Tracker/tracker/basic_tracker.py -> init_tracker, line 63 - ============== Initialize Website Tracker ===============
2023-07-10 16:23:18,669 - INFO - /home/coolshan/Project/Tracker/tracker/basic_tracker.py -> init_tracker, line 64 - Website: Agoda 林酒店 9_4-5 兩人
2023-07-10 16:23:18,669 - INFO - /home/coolshan/Project/Tracker/tracker/basic_tracker.py -> init_tracker, line 65 - Link: https://www.agoda.com/zh-tw/the-lin-hotel/hotel/taichung-tw.html?finalPriceView=1&isShowMobileAppPrice=false&cid=1844104&numberOfBedrooms=&familyMode=false&adults=2&children=0&rooms=1&maxRooms=0&checkIn=2023-09-4&isCalendarCallout=false&childAges=&numberOfGuest=0&missingChildAges=false&travellerType=1&showReviewSubmissionEntry=false&currencyCode=TWD&isFreeOccSearch=false&isCityHaveAsq=false&los=1&searchrequestid=6971bf86-71d4-471e-bb9e-ec9573c178ca
2023-07-10 16:23:18,670 - INFO - /home/coolshan/Project/Tracker/tracker/basic_tracker.py -> init_tracker, line 66 - Emails: ['joey0201020123@gmail.com']
2023-07-10 16:23:18,670 - INFO - /home/coolshan/Project/Tracker/tracker/basic_tracker.py -> init_tracker, line 68 - Update Frequency: 10 second
2023-07-10 16:23:40,896 - INFO - /home/coolshan/Project/Tracker/tracker/basic_tracker.py -> update_config, line 49 - ==============Config Updated ==============
2023-07-10 16:23:40,896 - DEBUG - /home/coolshan/Project/Tracker/tracker/basic_tracker.py -> log_config, line 54 - target_URL: https://www.agoda.com/zh-tw/the-lin-hotel/hotel/taichung-tw.html?finalPriceView=1&isShowMobileAppPrice=false&cid=1844104&numberOfBedrooms=&familyMode=false&adults=2&children=0&rooms=1&maxRooms=0&checkIn=2023-09-4&isCalendarCallout=false&childAges=&numberOfGuest=0&missingChildAges=false&travellerType=1&showReviewSubmissionEntry=false&currencyCode=TWD&isFreeOccSearch=false&isCityHaveAsq=false&los=1&searchrequestid=6971bf86-71d4-471e-bb9e-ec9573c178ca
2023-07-10 16:23:40,896 - DEBUG - /home/coolshan/Project/Tracker/tracker/basic_tracker.py -> log_config, line 54 - tag: span
2023-07-10 16:23:40,896 - DEBUG - /home/coolshan/Project/Tracker/tracker/basic_tracker.py -> log_config, line 54 - class_name: StickyNavPrice__priceDetail
2023-07-10 16:23:40,896 - DEBUG - /home/coolshan/Project/Tracker/tracker/basic_tracker.py -> log_config, line 54 - extract_all: False
2023-07-10 16:23:40,896 - DEBUG - /home/coolshan/Project/Tracker/tracker/basic_tracker.py -> log_config, line 54 - website_name: Agoda 林酒店 9_4-5 兩人
2023-07-10 16:23:40,896 - DEBUG - /home/coolshan/Project/Tracker/tracker/basic_tracker.py -> log_config, line 54 - email_messages: 價格已降低！
2023-07-10 16:23:40,896 - DEBUG - /home/coolshan/Project/Tracker/tracker/basic_tracker.py -> log_config, line 54 - to_emails: ['joey0201020123@gmail.com']
2023-07-10 16:23:40,896 - DEBUG - /home/coolshan/Project/Tracker/tracker/basic_tracker.py -> log_config, line 54 - encoding: False
2023-07-10 16:23:40,896 - DEBUG - /home/coolshan/Project/Tracker/tracker/basic_tracker.py -> log_config, line 54 - update_second: 300
2023-07-10 16:23:40,896 - DEBUG - /home/coolshan/Project/Tracker/tracker/basic_tracker.py -> log_config, line 54 - mode: Dynamic
2023-07-10 16:23:40,896 - DEBUG - /home/coolshan/Project/Tracker/tracker/basic_tracker.py -> log_config, line 54 - tracker: NumberTracker
2023-07-10 16:23:40,896 - DEBUG - /home/coolshan/Project/Tracker/tracker/basic_tracker.py -> log_config, line 54 - remove_word: [',', '自 NT$ ']
2023-07-10 16:23:40,896 - DEBUG - /home/coolshan/Project/Tracker/tracker/basic_tracker.py -> log_config, line 54 - remind_diff: -100
