2023-07-22 02:08:52,673  DEBUG  /home/coolshan/Project/Tracker/tracker/basic_tracker.py -> init_tracker, line 62  【Initialize Config】
2023-07-22 02:08:52,673  DEBUG  /home/coolshan/Project/Tracker/tracker/basic_tracker.py -> log_config, line 57  extract_all: True
2023-07-22 02:08:52,674  DEBUG  /home/coolshan/Project/Tracker/tracker/basic_tracker.py -> log_config, line 57  encoding: False
2023-07-22 02:08:52,674  DEBUG  /home/coolshan/Project/Tracker/tracker/basic_tracker.py -> log_config, line 57  update_second: 600
2023-07-22 02:08:52,674  DEBUG  /home/coolshan/Project/Tracker/tracker/basic_tracker.py -> log_config, line 57  mode: Basic
2023-07-22 02:08:52,674  DEBUG  /home/coolshan/Project/Tracker/tracker/basic_tracker.py -> log_config, line 57  tracker: BasicTracker
2023-07-22 02:08:52,674  DEBUG  /home/coolshan/Project/Tracker/tracker/basic_tracker.py -> log_config, line 57  email_messages: 秋季賽公布！
2023-07-22 02:08:52,674  DEBUG  /home/coolshan/Project/Tracker/tracker/basic_tracker.py -> log_config, line 57  target_URL: https://www.aicup.tw/copy-of-ai-cup-2023-1
2023-07-22 02:08:52,674  DEBUG  /home/coolshan/Project/Tracker/tracker/basic_tracker.py -> log_config, line 57  website_name: AIdea 競賽網站
2023-07-22 02:08:52,674  DEBUG  /home/coolshan/Project/Tracker/tracker/basic_tracker.py -> log_config, line 57  enable: True
2023-07-22 02:08:52,674  DEBUG  /home/coolshan/Project/Tracker/tracker/basic_tracker.py -> log_config, line 57  to_emails: ['joey0201020123@gmail.com']
2023-07-22 02:08:52,674  DEBUG  /home/coolshan/Project/Tracker/tracker/basic_tracker.py -> log_config, line 57  find_element: {'tag': 'h3', 'class_name': 'font_3 wixui-rich-text__text'}
2023-07-22 02:08:52,674  DEBUG  /home/coolshan/Project/Tracker/tracker/basic_tracker.py -> init_tracker, line 64  Init annotations: 春季賽
2023.3~5
秋季賽
即將登場
2023-07-22 02:08:52,674  INFO  /home/coolshan/Project/Tracker/tracker/basic_tracker.py -> init_tracker, line 66  【Initialize Website Tracker】
2023-07-22 02:08:52,674  INFO  /home/coolshan/Project/Tracker/tracker/basic_tracker.py -> init_tracker, line 67  Website: AIdea 競賽網站
2023-07-22 02:08:52,674  INFO  /home/coolshan/Project/Tracker/tracker/basic_tracker.py -> init_tracker, line 68  Link: https://www.aicup.tw/copy-of-ai-cup-2023-1
2023-07-22 02:08:52,674  INFO  /home/coolshan/Project/Tracker/tracker/basic_tracker.py -> init_tracker, line 69  Emails: ['joey0201020123@gmail.com']
2023-07-22 02:08:52,674  INFO  /home/coolshan/Project/Tracker/tracker/basic_tracker.py -> init_tracker, line 71  Update Frequency: 600 second
