2023-07-22 02:08:48,905  DEBUG  /home/coolshan/Project/Tracker/tracker/basic_tracker.py -> init_tracker, line 62  【Initialize Config】
2023-07-22 02:08:48,905  DEBUG  /home/coolshan/Project/Tracker/tracker/basic_tracker.py -> log_config, line 57  extract_all: False
2023-07-22 02:08:48,905  DEBUG  /home/coolshan/Project/Tracker/tracker/basic_tracker.py -> log_config, line 57  encoding: False
2023-07-22 02:08:48,905  DEBUG  /home/coolshan/Project/Tracker/tracker/basic_tracker.py -> log_config, line 57  update_second: 600
2023-07-22 02:08:48,905  DEBUG  /home/coolshan/Project/Tracker/tracker/basic_tracker.py -> log_config, line 57  mode: Basic
2023-07-22 02:08:48,905  DEBUG  /home/coolshan/Project/Tracker/tracker/basic_tracker.py -> log_config, line 57  tracker: NumberTracker
2023-07-22 02:08:48,905  DEBUG  /home/coolshan/Project/Tracker/tracker/basic_tracker.py -> log_config, line 57  email_messages: 匯率已降低！
2023-07-22 02:08:48,905  DEBUG  /home/coolshan/Project/Tracker/tracker/basic_tracker.py -> log_config, line 57  target_URL: https://www.google.com/finance/quote/TWD-JPY?sa=X&ved=2ahUKEwiI__fnooOAAxV0hMYKHYPhBNQQmY0JegQIDRAc
2023-07-22 02:08:48,905  DEBUG  /home/coolshan/Project/Tracker/tracker/basic_tracker.py -> log_config, line 57  website_name: 日幣匯率
2023-07-22 02:08:48,905  DEBUG  /home/coolshan/Project/Tracker/tracker/basic_tracker.py -> log_config, line 57  enable: True
2023-07-22 02:08:48,905  DEBUG  /home/coolshan/Project/Tracker/tracker/basic_tracker.py -> log_config, line 57  to_emails: ['joey0201020123@gmail.com']
2023-07-22 02:08:48,905  DEBUG  /home/coolshan/Project/Tracker/tracker/basic_tracker.py -> log_config, line 57  find_element: {'tag': 'div', 'class_name': 'kf1m0'}
2023-07-22 02:08:48,905  DEBUG  /home/coolshan/Project/Tracker/tracker/basic_tracker.py -> log_config, line 57  target_number: {'mode': 'bigger', 'number': 4.6, 'remind_diff': 0.01}
2023-07-22 02:08:48,905  DEBUG  /home/coolshan/Project/Tracker/tracker/basic_tracker.py -> init_tracker, line 64  Init annotations: 4.5227
2023-07-22 02:08:48,905  INFO  /home/coolshan/Project/Tracker/tracker/basic_tracker.py -> init_tracker, line 66  【Initialize Website Tracker】
2023-07-22 02:08:48,905  INFO  /home/coolshan/Project/Tracker/tracker/basic_tracker.py -> init_tracker, line 67  Website: 日幣匯率
2023-07-22 02:08:48,905  INFO  /home/coolshan/Project/Tracker/tracker/basic_tracker.py -> init_tracker, line 68  Link: https://www.google.com/finance/quote/TWD-JPY?sa=X&ved=2ahUKEwiI__fnooOAAxV0hMYKHYPhBNQQmY0JegQIDRAc
2023-07-22 02:08:48,905  INFO  /home/coolshan/Project/Tracker/tracker/basic_tracker.py -> init_tracker, line 69  Emails: ['joey0201020123@gmail.com']
2023-07-22 02:08:48,905  INFO  /home/coolshan/Project/Tracker/tracker/basic_tracker.py -> init_tracker, line 71  Update Frequency: 600 second
2023-07-22 02:28:49,910  DEBUG  /home/coolshan/Project/Tracker/tracker/trackers.py -> checking, line 36  Annotation different record:4.5254
2023-07-22 02:38:50,961  DEBUG  /home/coolshan/Project/Tracker/tracker/trackers.py -> checking, line 36  Annotation different record:4.5249
2023-07-22 02:48:51,440  DEBUG  /home/coolshan/Project/Tracker/tracker/trackers.py -> checking, line 36  Annotation different record:4.5253
2023-07-22 02:58:51,926  DEBUG  /home/coolshan/Project/Tracker/tracker/trackers.py -> checking, line 36  Annotation different record:4.5251
2023-07-22 03:08:52,817  DEBUG  /home/coolshan/Project/Tracker/tracker/trackers.py -> checking, line 36  Annotation different record:4.5221
2023-07-22 03:18:53,269  DEBUG  /home/coolshan/Project/Tracker/tracker/trackers.py -> checking, line 36  Annotation different record:4.5216
2023-07-22 03:28:53,736  DEBUG  /home/coolshan/Project/Tracker/tracker/trackers.py -> checking, line 36  Annotation different record:4.5232
2023-07-22 03:38:54,304  DEBUG  /home/coolshan/Project/Tracker/tracker/trackers.py -> checking, line 36  Annotation different record:4.5234
2023-07-22 03:48:54,853  DEBUG  /home/coolshan/Project/Tracker/tracker/trackers.py -> checking, line 36  Annotation different record:4.5242
2023-07-22 03:58:55,442  DEBUG  /home/coolshan/Project/Tracker/tracker/trackers.py -> checking, line 36  Annotation different record:4.5239
2023-07-22 04:08:56,013  DEBUG  /home/coolshan/Project/Tracker/tracker/trackers.py -> checking, line 36  Annotation different record:4.523
2023-07-22 04:18:56,577  DEBUG  /home/coolshan/Project/Tracker/tracker/trackers.py -> checking, line 36  Annotation different record:4.5237
2023-07-22 04:28:57,099  DEBUG  /home/coolshan/Project/Tracker/tracker/trackers.py -> checking, line 36  Annotation different record:4.5229
2023-07-22 04:38:57,559  DEBUG  /home/coolshan/Project/Tracker/tracker/trackers.py -> checking, line 36  Annotation different record:4.524
2023-07-22 04:48:57,970  DEBUG  /home/coolshan/Project/Tracker/tracker/trackers.py -> checking, line 36  Annotation different record:4.5252
2023-07-22 04:58:58,413  DEBUG  /home/coolshan/Project/Tracker/tracker/trackers.py -> checking, line 36  Annotation different record:4.5265
2023-07-22 05:08:58,940  DEBUG  /home/coolshan/Project/Tracker/tracker/trackers.py -> checking, line 36  Annotation different record:4.5244
2023-07-22 05:39:00,719  DEBUG  /home/coolshan/Project/Tracker/tracker/trackers.py -> checking, line 36  Annotation different record:4.5273
2023-07-22 06:09:02,317  DEBUG  /home/coolshan/Project/Tracker/tracker/trackers.py -> checking, line 36  Annotation different record:4.5244
2023-07-22 06:19:02,845  DEBUG  /home/coolshan/Project/Tracker/tracker/trackers.py -> checking, line 36  Annotation different record:4.5273
2023-07-22 06:49:03,976  WARNING  /home/coolshan/Project/Tracker/tracker/basic_tracker.py -> extract_annotation, line 113  Annotations find element return None
2023-07-22 06:49:03,976  WARNING  /home/coolshan/Project/Tracker/tracker/basic_tracker.py -> extract_annotation, line 114  Tag and id or class_name: {'tag': 'div', 'class_name': 'kf1m0'}
2023-07-22 07:49:06,867  DEBUG  /home/coolshan/Project/Tracker/tracker/trackers.py -> checking, line 36  Annotation different record:4.5244
2023-07-22 07:59:07,279  DEBUG  /home/coolshan/Project/Tracker/tracker/trackers.py -> checking, line 36  Annotation different record:4.5273
2023-07-22 08:09:07,772  DEBUG  /home/coolshan/Project/Tracker/tracker/trackers.py -> checking, line 36  Annotation different record:4.5252
2023-07-22 08:29:08,687  DEBUG  /home/coolshan/Project/Tracker/tracker/trackers.py -> checking, line 36  Annotation different record:4.5248
2023-07-22 10:59:15,715  DEBUG  /home/coolshan/Project/Tracker/tracker/trackers.py -> checking, line 36  Annotation different record:4.5389
2023-07-22 12:29:20,500  DEBUG  /home/coolshan/Project/Tracker/tracker/trackers.py -> checking, line 36  Annotation different record:4.5248
2023-07-22 12:49:21,746  DEBUG  /home/coolshan/Project/Tracker/tracker/trackers.py -> checking, line 36  Annotation different record:4.5389
2023-07-22 13:59:25,281  DEBUG  /home/coolshan/Project/Tracker/tracker/trackers.py -> checking, line 36  Annotation different record:4.5248
2023-07-22 15:39:30,502  DEBUG  /home/coolshan/Project/Tracker/tracker/trackers.py -> checking, line 36  Annotation different record:4.5252
2023-07-22 15:59:31,485  DEBUG  /home/coolshan/Project/Tracker/tracker/trackers.py -> checking, line 36  Annotation different record:4.5248
2023-07-22 16:39:33,830  DEBUG  /home/coolshan/Project/Tracker/tracker/trackers.py -> checking, line 36  Annotation different record:4.5252
2023-07-22 16:49:34,289  DEBUG  /home/coolshan/Project/Tracker/tracker/trackers.py -> checking, line 36  Annotation different record:4.5389
2023-07-22 16:59:34,745  DEBUG  /home/coolshan/Project/Tracker/tracker/trackers.py -> checking, line 36  Annotation different record:4.5248
2023-07-22 17:09:35,205  DEBUG  /home/coolshan/Project/Tracker/tracker/trackers.py -> checking, line 36  Annotation different record:4.5389
2023-07-22 17:29:36,388  DEBUG  /home/coolshan/Project/Tracker/tracker/trackers.py -> checking, line 36  Annotation different record:4.5248
2023-07-22 17:59:37,610  DEBUG  /home/coolshan/Project/Tracker/tracker/trackers.py -> checking, line 36  Annotation different record:4.5389
2023-07-22 18:19:38,571  DEBUG  /home/coolshan/Project/Tracker/tracker/trackers.py -> checking, line 36  Annotation different record:4.5248
2023-07-22 18:29:39,241  DEBUG  /home/coolshan/Project/Tracker/tracker/trackers.py -> checking, line 36  Annotation different record:4.5389
2023-07-22 18:39:39,636  DEBUG  /home/coolshan/Project/Tracker/tracker/trackers.py -> checking, line 36  Annotation different record:4.5248
2023-07-22 19:09:41,215  DEBUG  /home/coolshan/Project/Tracker/tracker/trackers.py -> checking, line 36  Annotation different record:4.5389
2023-07-22 19:19:41,927  DEBUG  /home/coolshan/Project/Tracker/tracker/trackers.py -> checking, line 36  Annotation different record:4.5248
2023-07-22 19:29:42,402  DEBUG  /home/coolshan/Project/Tracker/tracker/trackers.py -> checking, line 36  Annotation different record:4.5389
2023-07-22 19:49:43,430  DEBUG  /home/coolshan/Project/Tracker/tracker/trackers.py -> checking, line 36  Annotation different record:4.5248
2023-07-22 20:09:44,354  DEBUG  /home/coolshan/Project/Tracker/tracker/trackers.py -> checking, line 36  Annotation different record:4.5389
2023-07-22 20:19:45,012  DEBUG  /home/coolshan/Project/Tracker/tracker/trackers.py -> checking, line 36  Annotation different record:4.5248
2023-07-22 20:29:45,476  DEBUG  /home/coolshan/Project/Tracker/tracker/trackers.py -> checking, line 36  Annotation different record:4.5389
2023-07-22 20:39:45,870  DEBUG  /home/coolshan/Project/Tracker/tracker/trackers.py -> checking, line 36  Annotation different record:4.5248
2023-07-22 20:49:46,532  DEBUG  /home/coolshan/Project/Tracker/tracker/trackers.py -> checking, line 36  Annotation different record:4.5389
2023-07-22 20:59:47,090  DEBUG  /home/coolshan/Project/Tracker/tracker/trackers.py -> checking, line 36  Annotation different record:4.5248
2023-07-22 22:19:51,151  DEBUG  /home/coolshan/Project/Tracker/tracker/trackers.py -> checking, line 36  Annotation different record:4.5389
2023-07-22 22:29:51,651  DEBUG  /home/coolshan/Project/Tracker/tracker/trackers.py -> checking, line 36  Annotation different record:4.5248
2023-07-22 22:59:53,175  DEBUG  /home/coolshan/Project/Tracker/tracker/trackers.py -> checking, line 36  Annotation different record:4.5252
2023-07-22 23:09:53,671  DEBUG  /home/coolshan/Project/Tracker/tracker/trackers.py -> checking, line 36  Annotation different record:4.5248
2023-07-23 00:19:57,346  DEBUG  /home/coolshan/Project/Tracker/tracker/trackers.py -> checking, line 36  Annotation different record:4.5273
2023-07-23 00:29:57,850  DEBUG  /home/coolshan/Project/Tracker/tracker/trackers.py -> checking, line 36  Annotation different record:4.5248
2023-07-23 00:39:58,421  DEBUG  /home/coolshan/Project/Tracker/tracker/trackers.py -> checking, line 36  Annotation different record:4.5273
2023-07-23 00:59:59,487  DEBUG  /home/coolshan/Project/Tracker/tracker/trackers.py -> checking, line 36  Annotation different record:4.5248
2023-07-23 01:10:00,026  DEBUG  /home/coolshan/Project/Tracker/tracker/trackers.py -> checking, line 36  Annotation different record:4.5273
2023-07-23 01:20:00,637  DEBUG  /home/coolshan/Project/Tracker/tracker/trackers.py -> checking, line 36  Annotation different record:4.5248
2023-07-23 02:00:02,967  DEBUG  /home/coolshan/Project/Tracker/tracker/trackers.py -> checking, line 36  Annotation different record:4.5273
2023-07-23 02:10:03,684  DEBUG  /home/coolshan/Project/Tracker/tracker/trackers.py -> checking, line 36  Annotation different record:4.5248
2023-07-23 02:20:04,085  DEBUG  /home/coolshan/Project/Tracker/tracker/trackers.py -> checking, line 36  Annotation different record:4.5273
2023-07-23 02:30:04,924  DEBUG  /home/coolshan/Project/Tracker/tracker/trackers.py -> checking, line 36  Annotation different record:4.5248
2023-07-23 02:50:05,894  DEBUG  /home/coolshan/Project/Tracker/tracker/trackers.py -> checking, line 36  Annotation different record:4.5273
2023-07-23 03:00:06,401  DEBUG  /home/coolshan/Project/Tracker/tracker/trackers.py -> checking, line 36  Annotation different record:4.5248
2023-07-23 03:10:07,189  DEBUG  /home/coolshan/Project/Tracker/tracker/trackers.py -> checking, line 36  Annotation different record:4.5273
2023-07-23 03:20:07,640  DEBUG  /home/coolshan/Project/Tracker/tracker/trackers.py -> checking, line 36  Annotation different record:4.5248
2023-07-23 03:30:08,299  DEBUG  /home/coolshan/Project/Tracker/tracker/trackers.py -> checking, line 36  Annotation different record:4.5273
2023-07-23 03:40:08,782  DEBUG  /home/coolshan/Project/Tracker/tracker/trackers.py -> checking, line 36  Annotation different record:4.5248
2023-07-23 05:00:12,387  DEBUG  /home/coolshan/Project/Tracker/tracker/trackers.py -> checking, line 36  Annotation different record:4.5273
2023-07-23 09:00:23,766  DEBUG  /home/coolshan/Project/Tracker/tracker/trackers.py -> checking, line 36  Annotation different record:4.5248
2023-07-23 09:20:24,672  DEBUG  /home/coolshan/Project/Tracker/tracker/trackers.py -> checking, line 36  Annotation different record:4.5273
2023-07-23 09:30:25,126  DEBUG  /home/coolshan/Project/Tracker/tracker/trackers.py -> checking, line 36  Annotation different record:4.5248
2023-07-23 10:50:28,964  DEBUG  /home/coolshan/Project/Tracker/tracker/trackers.py -> checking, line 36  Annotation different record:4.5273
2023-07-23 11:00:29,589  DEBUG  /home/coolshan/Project/Tracker/tracker/trackers.py -> checking, line 36  Annotation different record:4.5248
2023-07-23 12:00:32,312  DEBUG  /home/coolshan/Project/Tracker/tracker/trackers.py -> checking, line 36  Annotation different record:4.5273
2023-07-23 12:10:32,838  DEBUG  /home/coolshan/Project/Tracker/tracker/trackers.py -> checking, line 36  Annotation different record:4.5248
2023-07-23 12:20:33,287  DEBUG  /home/coolshan/Project/Tracker/tracker/trackers.py -> checking, line 36  Annotation different record:4.5273
2023-07-23 12:40:34,311  DEBUG  /home/coolshan/Project/Tracker/tracker/trackers.py -> checking, line 36  Annotation different record:4.5248
2023-07-23 12:50:34,827  DEBUG  /home/coolshan/Project/Tracker/tracker/trackers.py -> checking, line 36  Annotation different record:4.5273
2023-07-23 13:00:35,429  DEBUG  /home/coolshan/Project/Tracker/tracker/trackers.py -> checking, line 36  Annotation different record:4.5248
2023-07-23 13:10:35,867  DEBUG  /home/coolshan/Project/Tracker/tracker/trackers.py -> checking, line 36  Annotation different record:4.5273
2023-07-23 13:20:36,453  DEBUG  /home/coolshan/Project/Tracker/tracker/trackers.py -> checking, line 36  Annotation different record:4.5248
2023-07-23 13:40:37,473  DEBUG  /home/coolshan/Project/Tracker/tracker/trackers.py -> checking, line 36  Annotation different record:4.5273
2023-07-23 14:00:38,494  DEBUG  /home/coolshan/Project/Tracker/tracker/trackers.py -> checking, line 36  Annotation different record:4.5248
2023-07-23 14:20:39,730  DEBUG  /home/coolshan/Project/Tracker/tracker/trackers.py -> checking, line 36  Annotation different record:4.5273
2023-07-23 15:00:41,945  DEBUG  /home/coolshan/Project/Tracker/tracker/trackers.py -> checking, line 36  Annotation different record:4.5248
2023-07-23 15:10:42,384  DEBUG  /home/coolshan/Project/Tracker/tracker/trackers.py -> checking, line 36  Annotation different record:4.5273
2023-07-23 15:20:42,869  DEBUG  /home/coolshan/Project/Tracker/tracker/trackers.py -> checking, line 36  Annotation different record:4.5248
2023-07-23 15:30:43,250  DEBUG  /home/coolshan/Project/Tracker/tracker/trackers.py -> checking, line 36  Annotation different record:4.5273
2023-07-23 16:00:45,683  DEBUG  /home/coolshan/Project/Tracker/tracker/trackers.py -> checking, line 36  Annotation different record:4.5248
2023-07-23 16:10:46,117  DEBUG  /home/coolshan/Project/Tracker/tracker/trackers.py -> checking, line 36  Annotation different record:4.5273
2023-07-23 16:20:46,659  DEBUG  /home/coolshan/Project/Tracker/tracker/trackers.py -> checking, line 36  Annotation different record:4.5248
2023-07-23 16:40:47,716  DEBUG  /home/coolshan/Project/Tracker/tracker/trackers.py -> checking, line 36  Annotation different record:4.5273
2023-07-23 17:10:49,432  DEBUG  /home/coolshan/Project/Tracker/tracker/trackers.py -> checking, line 36  Annotation different record:4.5248
2023-07-23 17:20:49,991  DEBUG  /home/coolshan/Project/Tracker/tracker/trackers.py -> checking, line 36  Annotation different record:4.5273
2023-07-23 17:30:50,356  DEBUG  /home/coolshan/Project/Tracker/tracker/trackers.py -> checking, line 36  Annotation different record:4.5248
2023-07-23 17:40:50,868  DEBUG  /home/coolshan/Project/Tracker/tracker/trackers.py -> checking, line 36  Annotation different record:4.5273
2023-07-23 18:10:52,270  DEBUG  /home/coolshan/Project/Tracker/tracker/trackers.py -> checking, line 36  Annotation different record:4.5248
2023-07-23 18:20:52,642  DEBUG  /home/coolshan/Project/Tracker/tracker/trackers.py -> checking, line 36  Annotation different record:4.5273
2023-07-23 18:50:54,137  DEBUG  /home/coolshan/Project/Tracker/tracker/trackers.py -> checking, line 36  Annotation different record:4.5248
2023-07-23 19:00:54,526  DEBUG  /home/coolshan/Project/Tracker/tracker/trackers.py -> checking, line 36  Annotation different record:4.5389
2023-07-23 19:30:56,114  DEBUG  /home/coolshan/Project/Tracker/tracker/trackers.py -> checking, line 36  Annotation different record:4.5252
2023-07-23 19:40:56,497  DEBUG  /home/coolshan/Project/Tracker/tracker/trackers.py -> checking, line 36  Annotation different record:4.5389
2023-07-23 20:00:57,435  DEBUG  /home/coolshan/Project/Tracker/tracker/trackers.py -> checking, line 36  Annotation different record:4.5252
2023-07-23 20:30:58,907  DEBUG  /home/coolshan/Project/Tracker/tracker/trackers.py -> checking, line 36  Annotation different record:4.5389
2023-07-23 20:50:59,984  DEBUG  /home/coolshan/Project/Tracker/tracker/trackers.py -> checking, line 36  Annotation different record:4.5252
2023-07-23 21:01:00,454  DEBUG  /home/coolshan/Project/Tracker/tracker/trackers.py -> checking, line 36  Annotation different record:4.5389
2023-07-23 21:31:01,805  DEBUG  /home/coolshan/Project/Tracker/tracker/trackers.py -> checking, line 36  Annotation different record:4.5252
2023-07-23 21:41:02,357  DEBUG  /home/coolshan/Project/Tracker/tracker/trackers.py -> checking, line 36  Annotation different record:4.5389
2023-07-23 21:51:02,905  DEBUG  /home/coolshan/Project/Tracker/tracker/trackers.py -> checking, line 36  Annotation different record:4.5252
2023-07-23 22:01:03,385  WARNING  /home/coolshan/Project/Tracker/tracker/basic_tracker.py -> extract_annotation, line 113  Annotations find element return None
2023-07-23 22:01:03,385  WARNING  /home/coolshan/Project/Tracker/tracker/basic_tracker.py -> extract_annotation, line 114  Tag and id or class_name: {'tag': 'div', 'class_name': 'kf1m0'}
2023-07-23 22:11:03,897  DEBUG  /home/coolshan/Project/Tracker/tracker/trackers.py -> checking, line 36  Annotation different record:4.5389
2023-07-23 22:21:04,632  DEBUG  /home/coolshan/Project/Tracker/tracker/trackers.py -> checking, line 36  Annotation different record:4.5252
2023-07-23 22:31:05,146  DEBUG  /home/coolshan/Project/Tracker/tracker/trackers.py -> checking, line 36  Annotation different record:4.5389
2023-07-23 22:51:06,110  DEBUG  /home/coolshan/Project/Tracker/tracker/trackers.py -> checking, line 36  Annotation different record:4.5252
2023-07-23 23:01:06,553  DEBUG  /home/coolshan/Project/Tracker/tracker/trackers.py -> checking, line 36  Annotation different record:4.5389
2023-07-24 00:01:09,201  DEBUG  /home/coolshan/Project/Tracker/tracker/trackers.py -> checking, line 36  Annotation different record:4.5252
2023-07-24 00:51:11,671  DEBUG  /home/coolshan/Project/Tracker/tracker/trackers.py -> checking, line 36  Annotation different record:4.5389
2023-07-24 01:01:12,073  WARNING  /home/coolshan/Project/Tracker/tracker/basic_tracker.py -> extract_annotation, line 113  Annotations find element return None
2023-07-24 01:01:12,073  WARNING  /home/coolshan/Project/Tracker/tracker/basic_tracker.py -> extract_annotation, line 114  Tag and id or class_name: {'tag': 'div', 'class_name': 'kf1m0'}
2023-07-24 01:11:12,608  DEBUG  /home/coolshan/Project/Tracker/tracker/trackers.py -> checking, line 36  Annotation different record:4.5252
2023-07-24 01:31:13,691  DEBUG  /home/coolshan/Project/Tracker/tracker/trackers.py -> checking, line 36  Annotation different record:4.5389
2023-07-24 02:01:15,055  DEBUG  /home/coolshan/Project/Tracker/tracker/trackers.py -> checking, line 36  Annotation different record:4.5252
2023-07-24 03:21:18,643  DEBUG  /home/coolshan/Project/Tracker/tracker/trackers.py -> checking, line 36  Annotation different record:4.5389
2023-07-24 03:31:19,118  DEBUG  /home/coolshan/Project/Tracker/tracker/trackers.py -> checking, line 36  Annotation different record:4.5252
2023-07-24 03:41:19,573  DEBUG  /home/coolshan/Project/Tracker/tracker/trackers.py -> checking, line 36  Annotation different record:4.523
2023-07-24 04:11:20,863  DEBUG  /home/coolshan/Project/Tracker/tracker/trackers.py -> checking, line 36  Annotation different record:4.5212
2023-07-24 04:31:21,739  DEBUG  /home/coolshan/Project/Tracker/tracker/trackers.py -> checking, line 36  Annotation different record:4.5333
2023-07-24 04:41:22,098  DEBUG  /home/coolshan/Project/Tracker/tracker/trackers.py -> checking, line 36  Annotation different record:4.5209
2023-07-24 05:01:23,017  DEBUG  /home/coolshan/Project/Tracker/tracker/trackers.py -> checking, line 36  Annotation different record:4.5203
2023-07-24 05:11:23,531  DEBUG  /home/coolshan/Project/Tracker/tracker/trackers.py -> checking, line 36  Annotation different record:4.5326
2023-07-24 05:21:23,886  DEBUG  /home/coolshan/Project/Tracker/tracker/trackers.py -> checking, line 36  Annotation different record:4.5341
2023-07-24 05:31:24,406  DEBUG  /home/coolshan/Project/Tracker/tracker/trackers.py -> checking, line 36  Annotation different record:4.535
2023-07-24 05:41:24,927  DEBUG  /home/coolshan/Project/Tracker/tracker/trackers.py -> checking, line 36  Annotation different record:4.5355
2023-07-24 05:51:25,396  DEBUG  /home/coolshan/Project/Tracker/tracker/trackers.py -> checking, line 36  Annotation different record:4.5349
2023-07-24 06:01:25,807  DEBUG  /home/coolshan/Project/Tracker/tracker/trackers.py -> checking, line 36  Annotation different record:4.5357
2023-07-24 06:11:26,248  DEBUG  /home/coolshan/Project/Tracker/tracker/trackers.py -> checking, line 36  Annotation different record:4.5359
2023-07-24 06:21:26,681  DEBUG  /home/coolshan/Project/Tracker/tracker/trackers.py -> checking, line 36  Annotation different record:4.535
2023-07-24 06:31:27,123  DEBUG  /home/coolshan/Project/Tracker/tracker/trackers.py -> checking, line 36  Annotation different record:4.5349
2023-07-24 06:41:27,590  DEBUG  /home/coolshan/Project/Tracker/tracker/trackers.py -> checking, line 36  Annotation different record:4.5352
2023-07-24 06:51:28,071  DEBUG  /home/coolshan/Project/Tracker/tracker/trackers.py -> checking, line 36  Annotation different record:4.5353
2023-07-24 07:01:28,573  DEBUG  /home/coolshan/Project/Tracker/tracker/trackers.py -> checking, line 36  Annotation different record:4.535
2023-07-24 07:11:28,994  DEBUG  /home/coolshan/Project/Tracker/tracker/trackers.py -> checking, line 36  Annotation different record:4.5336
2023-07-24 07:21:29,494  DEBUG  /home/coolshan/Project/Tracker/tracker/trackers.py -> checking, line 36  Annotation different record:4.5217
2023-07-24 07:31:29,991  DEBUG  /home/coolshan/Project/Tracker/tracker/trackers.py -> checking, line 36  Annotation different record:4.5351
2023-07-24 07:41:30,382  DEBUG  /home/coolshan/Project/Tracker/tracker/trackers.py -> checking, line 36  Annotation different record:4.5211
2023-07-24 07:51:30,962  DEBUG  /home/coolshan/Project/Tracker/tracker/trackers.py -> checking, line 36  Annotation different record:4.5204
2023-07-24 08:01:31,425  DEBUG  /home/coolshan/Project/Tracker/tracker/trackers.py -> checking, line 36  Annotation different record:4.5213
2023-07-24 08:11:31,774  DEBUG  /home/coolshan/Project/Tracker/tracker/trackers.py -> checking, line 36  Annotation different record:4.5209
2023-07-24 08:21:32,259  DEBUG  /home/coolshan/Project/Tracker/tracker/trackers.py -> checking, line 36  Annotation different record:4.5206
2023-07-24 08:31:32,717  DEBUG  /home/coolshan/Project/Tracker/tracker/trackers.py -> checking, line 36  Annotation different record:4.5205
2023-07-24 08:41:33,132  DEBUG  /home/coolshan/Project/Tracker/tracker/trackers.py -> checking, line 36  Annotation different record:4.5182
2023-07-24 08:51:33,756  DEBUG  /home/coolshan/Project/Tracker/tracker/trackers.py -> checking, line 36  Annotation different record:4.5209
2023-07-24 09:01:34,446  DEBUG  /home/coolshan/Project/Tracker/tracker/trackers.py -> checking, line 36  Annotation different record:4.5221
2023-07-24 09:11:34,925  DEBUG  /home/coolshan/Project/Tracker/tracker/trackers.py -> checking, line 36  Annotation different record:4.5189
2023-07-24 09:21:35,431  DEBUG  /home/coolshan/Project/Tracker/tracker/trackers.py -> checking, line 36  Annotation different record:4.5146
2023-07-24 09:31:35,876  DEBUG  /home/coolshan/Project/Tracker/tracker/trackers.py -> checking, line 36  Annotation different record:4.5173
2023-07-24 09:41:36,352  DEBUG  /home/coolshan/Project/Tracker/tracker/trackers.py -> checking, line 36  Annotation different record:4.5143
2023-07-24 09:51:37,036  DEBUG  /home/coolshan/Project/Tracker/tracker/trackers.py -> checking, line 36  Annotation different record:4.5147
2023-07-24 10:01:37,460  DEBUG  /home/coolshan/Project/Tracker/tracker/trackers.py -> checking, line 36  Annotation different record:4.5073
2023-07-24 10:11:37,945  DEBUG  /home/coolshan/Project/Tracker/tracker/trackers.py -> checking, line 36  Annotation different record:4.5053
2023-07-24 10:21:38,410  DEBUG  /home/coolshan/Project/Tracker/tracker/trackers.py -> checking, line 36  Annotation different record:4.5066
2023-07-24 10:31:38,971  DEBUG  /home/coolshan/Project/Tracker/tracker/trackers.py -> checking, line 36  Annotation different record:4.5071
2023-07-24 10:41:39,501  DEBUG  /home/coolshan/Project/Tracker/tracker/trackers.py -> checking, line 36  Annotation different record:4.5086
2023-07-24 10:51:39,964  DEBUG  /home/coolshan/Project/Tracker/tracker/trackers.py -> checking, line 36  Annotation different record:4.5099
2023-07-24 11:01:40,386  DEBUG  /home/coolshan/Project/Tracker/tracker/trackers.py -> checking, line 36  Annotation different record:4.5103
2023-07-24 11:11:40,831  DEBUG  /home/coolshan/Project/Tracker/tracker/trackers.py -> checking, line 36  Annotation different record:4.507
2023-07-24 11:21:41,328  DEBUG  /home/coolshan/Project/Tracker/tracker/trackers.py -> checking, line 36  Annotation different record:4.5065
2023-07-24 11:31:41,794  DEBUG  /home/coolshan/Project/Tracker/tracker/trackers.py -> checking, line 36  Annotation different record:4.5074
2023-07-24 11:41:42,455  DEBUG  /home/coolshan/Project/Tracker/tracker/trackers.py -> checking, line 36  Annotation different record:4.5067
2023-07-24 11:51:42,846  DEBUG  /home/coolshan/Project/Tracker/tracker/trackers.py -> checking, line 36  Annotation different record:4.507
2023-07-24 12:01:43,410  DEBUG  /home/coolshan/Project/Tracker/tracker/trackers.py -> checking, line 36  Annotation different record:4.5076
