2023-07-24 12:50:34,864  WARNING  /home/coolshan/Project/Tracker/tracker/basic_tracker.py -> extract_annotation, line 115  Annotations find element return None
2023-07-24 12:50:34,864  WARNING  /home/coolshan/Project/Tracker/tracker/basic_tracker.py -> extract_annotation, line 116  Tag and id or class_name: {'tag': 'span', 'class_name': 'BpkText_bpk-text__MWZkY BpkText_bpk-text--heading-4__MzBkN'}
2023-07-24 12:50:34,864  DEBUG  /home/coolshan/Project/Tracker/tracker/basic_tracker.py -> init_tracker, line 62  【Initialize Config】
2023-07-24 12:50:34,864  DEBUG  /home/coolshan/Project/Tracker/tracker/basic_tracker.py -> log_config, line 57  extract_all: False
2023-07-24 12:50:34,864  DEBUG  /home/coolshan/Project/Tracker/tracker/basic_tracker.py -> log_config, line 57  encoding: False
2023-07-24 12:50:34,864  DEBUG  /home/coolshan/Project/Tracker/tracker/basic_tracker.py -> log_config, line 57  update_second: 120
2023-07-24 12:50:34,864  DEBUG  /home/coolshan/Project/Tracker/tracker/basic_tracker.py -> log_config, line 57  mode: Basic
2023-07-24 12:50:34,864  DEBUG  /home/coolshan/Project/Tracker/tracker/basic_tracker.py -> log_config, line 57  tracker: BasicTracker
2023-07-24 12:50:34,864  DEBUG  /home/coolshan/Project/Tracker/tracker/basic_tracker.py -> log_config, line 57  email_messages: 你家厲害寶貝幫你發現日本share house 網站有新的空屋囉！
2023-07-24 12:50:34,864  DEBUG  /home/coolshan/Project/Tracker/tracker/basic_tracker.py -> log_config, line 57  target_URL: https://tokyosharehouse.com/jpn/house/room/2933/empty/
2023-07-24 12:50:34,864  DEBUG  /home/coolshan/Project/Tracker/tracker/basic_tracker.py -> log_config, line 57  website_name: 日本全女生出屋網站
2023-07-24 12:50:34,864  DEBUG  /home/coolshan/Project/Tracker/tracker/basic_tracker.py -> log_config, line 57  enable: True
2023-07-24 12:50:34,864  DEBUG  /home/coolshan/Project/Tracker/tracker/basic_tracker.py -> log_config, line 57  to_emails: ['joey0201020123@gmail.com', 'penny881121@gmail.com']
2023-07-24 12:50:34,864  DEBUG  /home/coolshan/Project/Tracker/tracker/basic_tracker.py -> log_config, line 57  find_element: {'tag': 'span', 'class_name': 'BpkText_bpk-text__MWZkY BpkText_bpk-text--heading-4__MzBkN'}
2023-07-24 12:50:34,864  DEBUG  /home/coolshan/Project/Tracker/tracker/basic_tracker.py -> log_config, line 57  remove_word: ['NT$']
2023-07-24 12:50:34,864  DEBUG  /home/coolshan/Project/Tracker/tracker/basic_tracker.py -> log_config, line 57  target_number: {'mode': 'lower', 'number': 14200, 'remind_diff': -100}
2023-07-24 12:50:34,864  DEBUG  /home/coolshan/Project/Tracker/tracker/basic_tracker.py -> init_tracker, line 64  Init annotations:
None
2023-07-24 12:50:34,864  INFO  /home/coolshan/Project/Tracker/tracker/basic_tracker.py -> init_tracker, line 66  【Initialize Website Tracker】
2023-07-24 12:50:34,864  INFO  /home/coolshan/Project/Tracker/tracker/basic_tracker.py -> init_tracker, line 67  Website: 日本全女生出屋網站
2023-07-24 12:50:34,864  INFO  /home/coolshan/Project/Tracker/tracker/basic_tracker.py -> init_tracker, line 68  Link: https://tokyosharehouse.com/jpn/house/room/2933/empty/
2023-07-24 12:50:34,864  INFO  /home/coolshan/Project/Tracker/tracker/basic_tracker.py -> init_tracker, line 69  Emails: ['joey0201020123@gmail.com', 'penny881121@gmail.com']
2023-07-24 12:50:34,864  INFO  /home/coolshan/Project/Tracker/tracker/basic_tracker.py -> init_tracker, line 71  Update Frequency: 120 second
2023-07-24 12:50:34,865  INFO  /home/coolshan/Project/Tracker/tracker/basic_tracker.py -> update_config, line 51  【Config Updated】
2023-07-24 12:50:34,865  DEBUG  /home/coolshan/Project/Tracker/tracker/basic_tracker.py -> log_config, line 57  extract_all: False
2023-07-24 12:50:34,865  DEBUG  /home/coolshan/Project/Tracker/tracker/basic_tracker.py -> log_config, line 57  encoding: False
2023-07-24 12:50:34,865  DEBUG  /home/coolshan/Project/Tracker/tracker/basic_tracker.py -> log_config, line 57  update_second: 300
2023-07-24 12:50:34,865  DEBUG  /home/coolshan/Project/Tracker/tracker/basic_tracker.py -> log_config, line 57  mode: Basic
2023-07-24 12:50:34,865  DEBUG  /home/coolshan/Project/Tracker/tracker/basic_tracker.py -> log_config, line 57  tracker: BasicTracker
2023-07-24 12:50:34,865  DEBUG  /home/coolshan/Project/Tracker/tracker/basic_tracker.py -> log_config, line 57  target_URL: https://tokyosharehouse.com/jpn/house/room/2933/empty/
2023-07-24 12:50:34,865  DEBUG  /home/coolshan/Project/Tracker/tracker/basic_tracker.py -> log_config, line 57  website_name: 日本全女生出屋網站
2023-07-24 12:50:34,865  DEBUG  /home/coolshan/Project/Tracker/tracker/basic_tracker.py -> log_config, line 57  enable: True
2023-07-24 12:50:34,865  DEBUG  /home/coolshan/Project/Tracker/tracker/basic_tracker.py -> log_config, line 57  email_messages: 你家厲害寶貝幫你發現日本share house 網站有新的空屋囉！
2023-07-24 12:50:34,865  DEBUG  /home/coolshan/Project/Tracker/tracker/basic_tracker.py -> log_config, line 57  to_emails: ['joey0201020123@gmail.com', 'penny881121@gmail.com']
2023-07-24 12:50:34,865  DEBUG  /home/coolshan/Project/Tracker/tracker/basic_tracker.py -> log_config, line 57  find_element: {'tag': 'div', 'class_name': 'content-room'}
2023-07-24 12:50:34,865  INFO  /home/coolshan/Project/Tracker/tracker/basic_tracker.py -> update_config, line 51  【Config Updated】
2023-07-24 12:50:34,865  DEBUG  /home/coolshan/Project/Tracker/tracker/basic_tracker.py -> log_config, line 57  extract_all: False
2023-07-24 12:50:34,865  DEBUG  /home/coolshan/Project/Tracker/tracker/basic_tracker.py -> log_config, line 57  encoding: False
2023-07-24 12:50:34,865  DEBUG  /home/coolshan/Project/Tracker/tracker/basic_tracker.py -> log_config, line 57  update_second: 120
2023-07-24 12:50:34,865  DEBUG  /home/coolshan/Project/Tracker/tracker/basic_tracker.py -> log_config, line 57  mode: Basic
2023-07-24 12:50:34,865  DEBUG  /home/coolshan/Project/Tracker/tracker/basic_tracker.py -> log_config, line 57  tracker: BasicTracker
2023-07-24 12:50:34,865  DEBUG  /home/coolshan/Project/Tracker/tracker/basic_tracker.py -> log_config, line 57  target_URL: https://tokyosharehouse.com/jpn/house/room/2933/empty/
2023-07-24 12:50:34,865  DEBUG  /home/coolshan/Project/Tracker/tracker/basic_tracker.py -> log_config, line 57  website_name: 日本全女生出屋網站
2023-07-24 12:50:34,865  DEBUG  /home/coolshan/Project/Tracker/tracker/basic_tracker.py -> log_config, line 57  enable: True
2023-07-24 12:50:34,865  DEBUG  /home/coolshan/Project/Tracker/tracker/basic_tracker.py -> log_config, line 57  email_messages: 你家厲害寶貝幫你發現日本share house 網站有新的空屋囉！
2023-07-24 12:50:34,865  DEBUG  /home/coolshan/Project/Tracker/tracker/basic_tracker.py -> log_config, line 57  to_emails: ['joey0201020123@gmail.com', 'penny881121@gmail.com']
2023-07-24 12:50:34,865  DEBUG  /home/coolshan/Project/Tracker/tracker/basic_tracker.py -> log_config, line 57  find_element: {'tag': 'span', 'class_name': 'BpkText_bpk-text__MWZkY BpkText_bpk-text--heading-4__MzBkN'}
2023-07-24 12:50:34,865  DEBUG  /home/coolshan/Project/Tracker/tracker/basic_tracker.py -> log_config, line 57  remove_word: ['NT$']
2023-07-24 12:50:34,865  DEBUG  /home/coolshan/Project/Tracker/tracker/basic_tracker.py -> log_config, line 57  target_number: {'mode': 'lower', 'number': 14200, 'remind_diff': -100}
