2023-07-21 00:40:20,605  DEBUG  /home/coolshan/Project/Tracker/tracker/basic_tracker.py -> init_tracker, line 63  ============== Initialize Config ===============
2023-07-21 00:40:20,605  DEBUG  /home/coolshan/Project/Tracker/tracker/basic_tracker.py -> log_config, line 60  target_URL: https://tokyosharehouse.com/jpn/house/room/2933/empty/
2023-07-21 00:40:20,605  DEBUG  /home/coolshan/Project/Tracker/tracker/basic_tracker.py -> log_config, line 60  extract_all: False
2023-07-21 00:40:20,605  DEBUG  /home/coolshan/Project/Tracker/tracker/basic_tracker.py -> log_config, line 60  website_name: 日本女性專屬外宿網站
2023-07-21 00:40:20,605  DEBUG  /home/coolshan/Project/Tracker/tracker/basic_tracker.py -> log_config, line 60  email_messages: 空屋房間已更新！
2023-07-21 00:40:20,605  DEBUG  /home/coolshan/Project/Tracker/tracker/basic_tracker.py -> log_config, line 60  to_emails: ['joey0201020123@gmail.com', 'penny881121@gmail.com']
2023-07-21 00:40:20,605  DEBUG  /home/coolshan/Project/Tracker/tracker/basic_tracker.py -> log_config, line 60  encoding: False
2023-07-21 00:40:20,605  DEBUG  /home/coolshan/Project/Tracker/tracker/basic_tracker.py -> log_config, line 60  update_second: 600
2023-07-21 00:40:20,605  DEBUG  /home/coolshan/Project/Tracker/tracker/basic_tracker.py -> log_config, line 60  mode: Basic
2023-07-21 00:40:20,605  DEBUG  /home/coolshan/Project/Tracker/tracker/basic_tracker.py -> log_config, line 60  tracker: BasicTracker
2023-07-21 00:40:20,605  DEBUG  /home/coolshan/Project/Tracker/tracker/basic_tracker.py -> log_config, line 60  enable: True
2023-07-21 00:40:20,605  DEBUG  /home/coolshan/Project/Tracker/tracker/basic_tracker.py -> log_config, line 60  find_element: {'tag': 'div', 'class_name': 'content-room'}
2023-07-21 00:40:20,841  DEBUG  /home/coolshan/Project/Tracker/tracker/basic_tracker.py -> init_tracker, line 67  Init annotations: 
※現在、空室のお部屋はありません。

2023-07-21 00:40:20,841  INFO  /home/coolshan/Project/Tracker/tracker/basic_tracker.py -> init_tracker, line 69  ============== Initialize Website Tracker ===============
2023-07-21 00:40:20,841  INFO  /home/coolshan/Project/Tracker/tracker/basic_tracker.py -> init_tracker, line 70  Website: 日本女性專屬外宿網站
2023-07-21 00:40:20,841  INFO  /home/coolshan/Project/Tracker/tracker/basic_tracker.py -> init_tracker, line 71  Link: https://tokyosharehouse.com/jpn/house/room/2933/empty/
2023-07-21 00:40:20,841  INFO  /home/coolshan/Project/Tracker/tracker/basic_tracker.py -> init_tracker, line 72  Emails: ['joey0201020123@gmail.com', 'penny881121@gmail.com']
2023-07-21 00:40:20,841  INFO  /home/coolshan/Project/Tracker/tracker/basic_tracker.py -> init_tracker, line 74  Update Frequency: 600 second
2023-07-21 00:41:30,682  INFO  /home/coolshan/Project/Tracker/tracker/basic_tracker.py -> close, line 39  Closing 【日本女性專屬外宿網站】 tracker.
