2023-07-24 12:41:46,768  DEBUG  /home/coolshan/Project/Tracker/tracker/basic_tracker.py -> init_tracker, line 62  【Initialize Config】
2023-07-24 12:41:46,768  DEBUG  /home/coolshan/Project/Tracker/tracker/basic_tracker.py -> log_config, line 57  extract_all: True
2023-07-24 12:41:46,768  DEBUG  /home/coolshan/Project/Tracker/tracker/basic_tracker.py -> log_config, line 57  encoding: False
2023-07-24 12:41:46,768  DEBUG  /home/coolshan/Project/Tracker/tracker/basic_tracker.py -> log_config, line 57  update_second: 12
2023-07-24 12:41:46,768  DEBUG  /home/coolshan/Project/Tracker/tracker/basic_tracker.py -> log_config, line 57  mode: Dynamic
2023-07-24 12:41:46,768  DEBUG  /home/coolshan/Project/Tracker/tracker/basic_tracker.py -> log_config, line 57  tracker: NewTracker
2023-07-24 12:41:46,768  DEBUG  /home/coolshan/Project/Tracker/tracker/basic_tracker.py -> log_config, line 57  email_messages: 你家厲害寶貝幫你發現日本share house 網站有新的空屋囉！
2023-07-24 12:41:46,768  DEBUG  /home/coolshan/Project/Tracker/tracker/basic_tracker.py -> log_config, line 57  target_URL: https://www.borderless-house-zh.com/jp/sharehouse/?&region=jp&open-after=2023-08-30&gender=2&nationality=2&room-type=1&sort-field=monthlyRent
2023-07-24 12:41:46,768  DEBUG  /home/coolshan/Project/Tracker/tracker/basic_tracker.py -> log_config, line 57  website_name: 日本share house 網站
2023-07-24 12:41:46,768  DEBUG  /home/coolshan/Project/Tracker/tracker/basic_tracker.py -> log_config, line 57  enable: True
2023-07-24 12:41:46,768  DEBUG  /home/coolshan/Project/Tracker/tracker/basic_tracker.py -> log_config, line 57  to_emails: ['joey0201020123@gmail.com', 'penny881121@gmail.com']
2023-07-24 12:41:46,768  DEBUG  /home/coolshan/Project/Tracker/tracker/basic_tracker.py -> log_config, line 57  find_element: {'tag': 'div', 'class_name': 'table-tr'}
2023-07-24 12:41:46,768  DEBUG  /home/coolshan/Project/Tracker/tracker/basic_tracker.py -> init_tracker, line 64  Init annotations:
房號物件名房型性別募集國籍毎房租月 電費,瓦斯費網路費可入住日期空房狀況
2I-1大森1　1人房女性外國籍¥58,000¥14,000現在立即空房
3B-1板橋區役所前1　1人房女性外國籍¥66,000¥13,000現在立即空房
4E-1淺草橋　1人房女性外國籍¥73,000¥15,000現在立即空房
5A-1神保町1　1人房無指定無指定¥78,000¥15,0002023.08.01即將退房
3A-1神保町1　1人房無指定無指定¥80,000¥15,0002023.08.01即將退房
3B-1神保町1　1人房無指定無指定¥80,000¥15,0002023.08.01即將退房
3C-1神保町1　1人房無指定無指定¥80,000¥15,0002023.08.01即將退房
3D-1神保町1　1人房無指定無指定¥80,000¥15,0002023.08.01即將退房
4A-1神保町1　1人房無指定無指定¥80,000¥15,0002023.08.01即將退房
4B-1神保町1　1人房無指定無指定¥80,000¥15,0002023.08.01即將退房
4C-1神保町1　1人房無指定無指定¥80,000¥15,0002023.08.01即將退房
4D-1神保町1　1人房無指定無指定¥80,000¥15,0002023.08.01即將退房
2023-07-24 12:41:46,768  INFO  /home/coolshan/Project/Tracker/tracker/basic_tracker.py -> init_tracker, line 66  【Initialize Website Tracker】
2023-07-24 12:41:46,768  INFO  /home/coolshan/Project/Tracker/tracker/basic_tracker.py -> init_tracker, line 67  Website: 日本share house 網站
2023-07-24 12:41:46,768  INFO  /home/coolshan/Project/Tracker/tracker/basic_tracker.py -> init_tracker, line 68  Link: https://www.borderless-house-zh.com/jp/sharehouse/?&region=jp&open-after=2023-08-30&gender=2&nationality=2&room-type=1&sort-field=monthlyRent
2023-07-24 12:41:46,768  INFO  /home/coolshan/Project/Tracker/tracker/basic_tracker.py -> init_tracker, line 69  Emails: ['joey0201020123@gmail.com', 'penny881121@gmail.com']
2023-07-24 12:41:46,768  INFO  /home/coolshan/Project/Tracker/tracker/basic_tracker.py -> init_tracker, line 71  Update Frequency: 12 second
2023-07-24 12:42:33,210  INFO  /home/coolshan/Project/Tracker/tracker/basic_tracker.py -> close, line 35  【Closing 【日本share house 網站】 tracker】
